<?xml version="1.0" encoding="UTF-8"?>
<testng-results skipped="0" failed="0" ignored="0" total="1" passed="1">
  <reporter-output>
  </reporter-output>
  <suite name="Default suite" duration-ms="2486" started-at="2022-07-23T01:46:47 ICT" finished-at="2022-07-23T01:46:49 ICT">
    <groups>
    </groups>
    <test name="Default test" duration-ms="2486" started-at="2022-07-23T01:46:47 ICT" finished-at="2022-07-23T01:46:49 ICT">
      <class name="RestAssured.AssuredProfileTest">
        <test-method status="PASS" signature="postGetProfile()[pri:0, instance:RestAssured.AssuredProfileTest@131276c2]" name="postGetProfile" duration-ms="2438" started-at="2022-07-23T01:46:47 ICT" finished-at="2022-07-23T01:46:49 ICT">
          <reporter-output>
          </reporter-output>
        </test-method> <!-- postGetProfile -->
      </class> <!-- RestAssured.AssuredProfileTest -->
    </test> <!-- Default test -->
  </suite> <!-- Default suite -->
</testng-results>
