<?xml version="1.0" encoding="UTF-8"?>
<testng-results skipped="0" failed="0" ignored="0" total="2" passed="2">
  <reporter-output>
  </reporter-output>
  <suite name="Default suite" duration-ms="4076" started-at="2022-07-23T09:55:46 ICT" finished-at="2022-07-23T09:55:50 ICT">
    <groups>
    </groups>
    <test name="Default test" duration-ms="4076" started-at="2022-07-23T09:55:46 ICT" finished-at="2022-07-23T09:55:50 ICT">
      <class name="RestAssured.AssuredRegistTest">
        <test-method status="PASS" signature="postGetRegist()[pri:0, instance:RestAssured.AssuredRegistTest@131276c2]" name="postGetRegist" duration-ms="2828" started-at="2022-07-23T09:55:46 ICT" finished-at="2022-07-23T09:55:49 ICT">
          <reporter-output>
          </reporter-output>
        </test-method> <!-- postGetRegist -->
        <test-method status="PASS" signature="postPostRegist()[pri:0, instance:RestAssured.AssuredRegistTest@131276c2]" name="postPostRegist" duration-ms="1193" started-at="2022-07-23T09:55:49 ICT" finished-at="2022-07-23T09:55:50 ICT">
          <reporter-output>
          </reporter-output>
        </test-method> <!-- postPostRegist -->
      </class> <!-- RestAssured.AssuredRegistTest -->
    </test> <!-- Default test -->
  </suite> <!-- Default suite -->
</testng-results>
