<?xml version="1.0" encoding="UTF-8"?>
<testng-results skipped="0" failed="0" ignored="0" total="2" passed="2">
  <reporter-output>
  </reporter-output>
  <suite name="Default suite" duration-ms="4298" started-at="2022-08-18T22:42:01 ICT" finished-at="2022-08-18T22:42:05 ICT">
    <groups>
    </groups>
    <test name="Default test" duration-ms="4298" started-at="2022-08-18T22:42:01 ICT" finished-at="2022-08-18T22:42:05 ICT">
      <class name="tests.SampleAPITestGet_02">
        <test-method status="PASS" signature="testSample_01()[pri:0, instance:tests.SampleAPITestGet_02@131276c2]" name="testSample_01" duration-ms="2557" started-at="2022-08-18T22:42:01 ICT" finished-at="2022-08-18T22:42:04 ICT">
          <reporter-output>
          </reporter-output>
        </test-method> <!-- testSample_01 -->
        <test-method status="PASS" signature="testSample_02()[pri:0, instance:tests.SampleAPITestGet_02@131276c2]" name="testSample_02" duration-ms="1677" started-at="2022-08-18T22:42:04 ICT" finished-at="2022-08-18T22:42:05 ICT">
          <reporter-output>
          </reporter-output>
        </test-method> <!-- testSample_02 -->
      </class> <!-- tests.SampleAPITestGet_02 -->
    </test> <!-- Default test -->
  </suite> <!-- Default suite -->
</testng-results>
