<?xml version="1.0" encoding="UTF-8"?>
<!-- Generated by org.testng.reporters.JUnitXMLReporter -->
<testsuite hostname="Desta" ignored="0" name="Default test" tests="5" failures="0" timestamp="2022-07-23T13:27:48 ICT" time="6.601" errors="0">
  <testcase name="postGetProfile" time="3.676" classname="RestAssured.AssuredProfileTest"/>
  <testcase name="postGetRegistPage" time="0.793" classname="RestAssured.AssuredRegistTest"/>
  <testcase name="postPostRegist" time="1.287" classname="RestAssured.AssuredRegistTest"/>
  <testcase name="postGetCart" time="0.422" classname="RestAssured.AssuredCartTest"/>
  <testcase name="postGetSingleCart" time="0.327" classname="RestAssured.AssuredCartTest"/>
</testsuite> <!-- Default test -->
