<?xml version="1.0" encoding="UTF-8"?>
<testng-results skipped="0" failed="0" ignored="0" total="1" passed="1">
  <reporter-output>
  </reporter-output>
  <suite name="Default suite" duration-ms="3110" started-at="2022-08-19T00:31:46 ICT" finished-at="2022-08-19T00:31:49 ICT">
    <groups>
    </groups>
    <test name="Default test" duration-ms="3110" started-at="2022-08-19T00:31:46 ICT" finished-at="2022-08-19T00:31:49 ICT">
      <class name="tests.Post">
        <test-method status="PASS" signature="get()[pri:0, instance:tests.Post@3b084709]" name="get" duration-ms="3056" started-at="2022-08-19T00:31:46 ICT" finished-at="2022-08-19T00:31:49 ICT">
          <reporter-output>
          </reporter-output>
        </test-method> <!-- get -->
      </class> <!-- tests.Post -->
    </test> <!-- Default test -->
  </suite> <!-- Default suite -->
</testng-results>
