<?xml version="1.0" encoding="UTF-8"?>
<testng-results skipped="0" failed="0" ignored="0" total="1" passed="1">
  <reporter-output>
  </reporter-output>
  <suite name="Default suite" duration-ms="2597" started-at="2022-08-18T21:55:04 ICT" finished-at="2022-08-18T21:55:06 ICT">
    <groups>
    </groups>
    <test name="Default test" duration-ms="2597" started-at="2022-08-18T21:55:04 ICT" finished-at="2022-08-18T21:55:06 ICT">
      <class name="tests.SampleAPITest">
        <test-method status="PASS" signature="test()[pri:0, instance:tests.SampleAPITest@131276c2]" name="test" duration-ms="2543" started-at="2022-08-18T21:55:04 ICT" finished-at="2022-08-18T21:55:06 ICT">
          <reporter-output>
          </reporter-output>
        </test-method> <!-- test -->
      </class> <!-- tests.SampleAPITest -->
    </test> <!-- Default test -->
  </suite> <!-- Default suite -->
</testng-results>
